===================================
===================================
========= composer-runner =========
===================================
===================================


site -> /mnt/c/wsl/sites/drupal-core-composer-project/web
vhost -> /mnt/c/wsl/sites/drupal-core-composer-project
name -> drupal-core-composer-project
database -> drupal-core-composer-project
username -> root
password -> root
config_dir -> ../config/sync
Could not open input file: composer


$databases['default']['default'] = array (
  'database' => 'drupal-core-composer-project',
  'username' => 'root',
  'password' => 'root',
  'prefix' => '',
  'host' => 'localhost',
  'port' => '',
  'namespace' => 'Drupal\\Core\\Database\\Driver\\mysql',
  'driver' => 'mysql',
);
$settings['config_sync_directory'] = '../config/sync';





$databases['default']['default'] = array (
  'database' => '',
  'username' => '',
  'password' => '',
  'prefix' => '',
  'host' => 'localhost',
  'port' => '',
  'namespace' => 'Drupal\\Core\\Database\\Driver\\mysql',
  'driver' => 'mysql',
);
$settings['config_sync_directory'] = '';





$databases['default']['default'] = array (
  'database' => 'drupal-core-composer-project',
  'username' => 'root',
  'password' => 'root',
  'prefix' => '',
  'host' => 'localhost',
  'port' => '',
  'namespace' => 'Drupal\\Core\\Database\\Driver\\mysql',
  'driver' => 'mysql',
);
$settings['config_sync_directory'] = '../config/sync';





$databases['default']['default'] = array (
  'database' => 'drupal-core-composer-project',
  'username' => 'root',
  'password' => 'root',
  'prefix' => '',
  'host' => 'localhost',
  'port' => '',
  'namespace' => 'Drupal\\Core\\Database\\Driver\\mysql',
  'driver' => 'mysql',
);
$settings['config_sync_directory'] = '../config/sync';





$databases['default']['default'] = array (
  'database' => 'drupal-core-composer-project',
  'username' => 'root',
  'password' => 'root',
  'prefix' => '',
  'host' => 'localhost',
  'port' => '',
  'namespace' => 'Drupal\\Core\\Database\\Driver\\mysql',
  'driver' => 'mysql',
);
$settings['config_sync_directory'] = '../config/sync';





$databases['default']['default'] = array (
  'database' => 'a',
  'username' => 'a',
  'password' => 'a',
  'prefix' => '',
  'host' => 'localhost',
  'port' => '',
  'namespace' => 'Drupal\\Core\\Database\\Driver\\mysql',
  'driver' => 'mysql',
);
$settings['config_sync_directory'] = 'a';



